  [1m[35m (45.3ms)[0m  [1m[35mCREATE DATABASE "little_shop_development" ENCODING = 'unicode'[0m
  [1m[35m (12.2ms)[0m  [1m[35mCREATE DATABASE "little_shop_test" ENCODING = 'unicode'[0m
  [1m[36mActiveRecord::SchemaMigration Load (12.9ms)[0m  [1m[34mSELECT "schema_migrations"."version" FROM "schema_migrations" ORDER BY "schema_migrations"."version" ASC[0m
  [1m[36mActiveRecord::InternalMetadata Load (2.8ms)[0m  [1m[34mSELECT * FROM "ar_internal_metadata" WHERE "ar_internal_metadata"."key" = $1 ORDER BY "ar_internal_metadata"."key" ASC LIMIT 1[0m  [[nil, "environment"]]
  [1m[36mActiveRecord::SchemaMigration Load (0.1ms)[0m  [1m[34mSELECT "schema_migrations"."version" FROM "schema_migrations" ORDER BY "schema_migrations"."version" ASC[0m
  [1m[36mActiveRecord::InternalMetadata Load (0.1ms)[0m  [1m[34mSELECT * FROM "ar_internal_metadata" WHERE "ar_internal_metadata"."key" = $1 ORDER BY "ar_internal_metadata"."key" ASC LIMIT 1[0m  [[nil, "environment"]]
  [1m[36mActiveRecord::SchemaMigration Load (0.1ms)[0m  [1m[34mSELECT "schema_migrations"."version" FROM "schema_migrations" ORDER BY "schema_migrations"."version" ASC[0m
  [1m[36mActiveRecord::InternalMetadata Load (0.1ms)[0m  [1m[34mSELECT * FROM "ar_internal_metadata" WHERE "ar_internal_metadata"."key" = $1 ORDER BY "ar_internal_metadata"."key" ASC LIMIT 1[0m  [[nil, "environment"]]
  [1m[35m (99.8ms)[0m  [1m[35mDROP DATABASE IF EXISTS "little_shop_development"[0m
  [1m[35m (32.1ms)[0m  [1m[35mDROP DATABASE IF EXISTS "little_shop_test"[0m
  [1m[35m (109.9ms)[0m  [1m[35mCREATE DATABASE "little_shop_development" ENCODING = 'unicode'[0m
  [1m[35m (39.7ms)[0m  [1m[35mCREATE DATABASE "little_shop_test" ENCODING = 'unicode'[0m
  [1m[35m (7.9ms)[0m  [1m[35mCREATE TABLE "schema_migrations" ("version" character varying NOT NULL PRIMARY KEY)[0m
  [1m[35m (1.3ms)[0m  [1m[35mCREATE TABLE "ar_internal_metadata" ("key" character varying NOT NULL PRIMARY KEY, "value" character varying, "created_at" timestamp(6) NOT NULL, "updated_at" timestamp(6) NOT NULL)[0m
  [1m[35m (0.2ms)[0m  [1m[34mSELECT pg_try_advisory_lock(7448043059890211625)[0m
  [1m[36mActiveRecord::SchemaMigration Load (0.1ms)[0m  [1m[34mSELECT "schema_migrations"."version" FROM "schema_migrations" ORDER BY "schema_migrations"."version" ASC[0m
  [1m[36mActiveRecord::InternalMetadata Load (1.0ms)[0m  [1m[34mSELECT * FROM "ar_internal_metadata" WHERE "ar_internal_metadata"."key" = $1 ORDER BY "ar_internal_metadata"."key" ASC LIMIT 1[0m  [[nil, "environment"]]
  [1m[36mActiveRecord::InternalMetadata Create (0.1ms)[0m  [1m[32mINSERT INTO "ar_internal_metadata" ("key", "value", "created_at", "updated_at") VALUES ('environment', 'development', '2024-10-28 21:21:40.150583', '2024-10-28 21:21:40.150586') RETURNING "key"[0m
  [1m[35m (0.0ms)[0m  [1m[34mSELECT pg_advisory_unlock(7448043059890211625)[0m
  [1m[36mActiveRecord::SchemaMigration Load (0.0ms)[0m  [1m[34mSELECT "schema_migrations"."version" FROM "schema_migrations" ORDER BY "schema_migrations"."version" ASC[0m
  [1m[36mActiveRecord::SchemaMigration Load (0.1ms)[0m  [1m[34mSELECT "schema_migrations"."version" FROM "schema_migrations" ORDER BY "schema_migrations"."version" ASC[0m
  [1m[36mActiveRecord::SchemaMigration Load (1.0ms)[0m  [1m[34mSELECT "schema_migrations"."version" FROM "schema_migrations" ORDER BY "schema_migrations"."version" ASC[0m
  [1m[36mCustomer Load (1.8ms)[0m  [1m[34mSELECT "customers".* FROM "customers" ORDER BY "customers"."id" ASC LIMIT $1[0m  [["LIMIT", 1]]
  [1m[36mCustomer Load (1.6ms)[0m  [1m[34mSELECT "customers".* FROM "customers" ORDER BY "customers"."id" DESC LIMIT $1[0m  [["LIMIT", 1]]
  [1m[36mActiveRecord::SchemaMigration Load (2.9ms)[0m  [1m[34mSELECT "schema_migrations"."version" FROM "schema_migrations" ORDER BY "schema_migrations"."version" ASC[0m
  [1m[36mActiveRecord::SchemaMigration Load (0.1ms)[0m  [1m[34mSELECT "schema_migrations"."version" FROM "schema_migrations" ORDER BY "schema_migrations"."version" ASC[0m
  [1m[35m (75.8ms)[0m  [1m[35mDROP DATABASE IF EXISTS "little_shop_development"[0m
  [1m[35m (34.8ms)[0m  [1m[35mDROP DATABASE IF EXISTS "little_shop_test"[0m
  [1m[35m (145.6ms)[0m  [1m[35mCREATE DATABASE "little_shop_development" ENCODING = 'unicode'[0m
  [1m[35m (53.8ms)[0m  [1m[35mCREATE DATABASE "little_shop_test" ENCODING = 'unicode'[0m
  [1m[35m (6.2ms)[0m  [1m[35mCREATE TABLE "schema_migrations" ("version" character varying NOT NULL PRIMARY KEY)[0m
  [1m[35m (1.1ms)[0m  [1m[35mCREATE TABLE "ar_internal_metadata" ("key" character varying NOT NULL PRIMARY KEY, "value" character varying, "created_at" timestamp(6) NOT NULL, "updated_at" timestamp(6) NOT NULL)[0m
  [1m[35m (0.2ms)[0m  [1m[34mSELECT pg_try_advisory_lock(7448043059890211625)[0m
  [1m[36mActiveRecord::SchemaMigration Load (0.2ms)[0m  [1m[34mSELECT "schema_migrations"."version" FROM "schema_migrations" ORDER BY "schema_migrations"."version" ASC[0m
  [1m[36mActiveRecord::InternalMetadata Load (1.1ms)[0m  [1m[34mSELECT * FROM "ar_internal_metadata" WHERE "ar_internal_metadata"."key" = $1 ORDER BY "ar_internal_metadata"."key" ASC LIMIT 1[0m  [[nil, "environment"]]
  [1m[36mActiveRecord::InternalMetadata Create (0.3ms)[0m  [1m[32mINSERT INTO "ar_internal_metadata" ("key", "value", "created_at", "updated_at") VALUES ('environment', 'development', '2024-10-29 20:57:04.015711', '2024-10-29 20:57:04.015714') RETURNING "key"[0m
  [1m[35m (0.1ms)[0m  [1m[34mSELECT pg_advisory_unlock(7448043059890211625)[0m
  [1m[36mActiveRecord::SchemaMigration Load (0.0ms)[0m  [1m[34mSELECT "schema_migrations"."version" FROM "schema_migrations" ORDER BY "schema_migrations"."version" ASC[0m
  [1m[36mActiveRecord::SchemaMigration Load (0.1ms)[0m  [1m[34mSELECT "schema_migrations"."version" FROM "schema_migrations" ORDER BY "schema_migrations"."version" ASC[0m
  [1m[36mActiveRecord::SchemaMigration Load (1.3ms)[0m  [1m[34mSELECT "schema_migrations"."version" FROM "schema_migrations" ORDER BY "schema_migrations"."version" ASC[0m
Started POST "/api/v1/merchants" for ::1 at 2024-10-29 18:18:12 -0600
  [1m[36mActiveRecord::SchemaMigration Load (4.4ms)[0m  [1m[34mSELECT "schema_migrations"."version" FROM "schema_migrations" ORDER BY "schema_migrations"."version" ASC[0m
Processing by Api::V1::MerchantsController#create as */*
  Parameters: {"name"=>"Luffy", "merchant"=>{"name"=>"Luffy"}}
  [1m[36mTRANSACTION (0.1ms)[0m  [1m[35mBEGIN[0m
  ↳ app/controllers/api/v1/merchants_controller.rb:3:in `create'
  [1m[36mMerchant Create (5.2ms)[0m  [1m[32mINSERT INTO "merchants" ("name", "created_at", "updated_at") VALUES ($1, $2, $3) RETURNING "id"[0m  [["name", "Luffy"], ["created_at", "2024-10-30 00:18:13.143334"], ["updated_at", "2024-10-30 00:18:13.143334"]]
  ↳ app/controllers/api/v1/merchants_controller.rb:3:in `create'
  [1m[36mTRANSACTION (3.5ms)[0m  [1m[35mCOMMIT[0m
  ↳ app/controllers/api/v1/merchants_controller.rb:3:in `create'
Completed 201 Created in 34ms (Views: 0.5ms | ActiveRecord: 59.7ms (1 query, 0 cached) | GC: 0.0ms)


Started DELETE "/api/v1/merchants/112" for ::1 at 2024-10-29 18:18:13 -0600
  
ActionController::RoutingError (No route matches [DELETE] "/api/v1/merchants/112"):
  
Started POST "/api/v1/merchants" for ::1 at 2024-10-29 18:18:13 -0600
Processing by Api::V1::MerchantsController#create as */*
Completed 400 Bad Request in 0ms (ActiveRecord: 0.0ms (0 queries, 0 cached) | GC: 0.0ms)


  
ActionController::ParameterMissing (param is missing or the value is empty: merchant):
  
app/controllers/api/v1/merchants_controller.rb:10:in `merchant_params'
app/controllers/api/v1/merchants_controller.rb:3:in `create'
